<?xml version="1.0" encoding="UTF-8"?>
<!-- Generated by org.testng.reporters.JUnitReportReporter -->
<testsuite hostname="Akankhya" name="com.michaelpage.testrunner.Michaelpagerunner" tests="1" failures="0" timestamp="24 Mar 2020 03:37:53 GMT" time="43.111" errors="0">
  <testcase name="feature" time="43.111" classname="com.michaelpage.testrunner.Michaelpagerunner"/>
</testsuite> <!-- com.michaelpage.testrunner.Michaelpagerunner -->
